<?xml version="1.0" encoding="UTF-8"?>
<!-- Generated by org.testng.reporters.JUnitReportReporter -->
<testsuite hostname="DESKTOP-NFATJD6" failures="0" tests="2" name="test.TechFiosTest" time="24.467" errors="0" timestamp="2020-06-24T00:37:40 EDT" skipped="0">
  <testcase classname="test.TechFiosTest" name="DropDownList" time="9.838"/>
  <system-out/>
  <testcase classname="test.TechFiosTest" name="UserShouldBeAbleToAdd" time="14.629"/>
  <system-out/>
</testsuite> <!-- test.TechFiosTest -->
